<?xml version="1.0" encoding="UTF-8"?>
<testsuite name="com.jojoldu.book.springboot.web.HelloControllerTest" tests="2" skipped="0" failures="0" errors="0" timestamp="2020-01-02T13:20:32" hostname="DESKTOP-S0R6KFI" time="0.252">
  <properties/>
  <testcase name="hello가_리턴된다" classname="com.jojoldu.book.springboot.web.HelloControllerTest" time="0.114"/>
  <testcase name="helloDto가_리턴된다" classname="com.jojoldu.book.springboot.web.HelloControllerTest" time="0.137"/>
  <system-out><![CDATA[2020-01-02 22:20:30.539  INFO 13544 --- [    Test worker] .b.t.a.w.s.WebMvcTestContextBootstrapper : Neither @ContextConfiguration nor @ContextHierarchy found for test class [com.jojoldu.book.springboot.web.HelloControllerTest], using SpringBootContextLoader
2020-01-02 22:20:30.541  INFO 13544 --- [    Test worker] o.s.t.c.support.AbstractContextLoader    : Could not detect default resource locations for test class [com.jojoldu.book.springboot.web.HelloControllerTest]: no resource found for suffixes {-context.xml, Context.groovy}.
2020-01-02 22:20:30.542  INFO 13544 --- [    Test worker] t.c.s.AnnotationConfigContextLoaderUtils : Could not detect default configuration classes for test class [com.jojoldu.book.springboot.web.HelloControllerTest]: HelloControllerTest does not declare any static, non-private, non-final, nested classes annotated with @Configuration.
2020-01-02 22:20:30.569  INFO 13544 --- [    Test worker] .b.t.c.SpringBootTestContextBootstrapper : Found @SpringBootConfiguration com.jojoldu.book.springboot.Application for test class com.jojoldu.book.springboot.web.HelloControllerTest
2020-01-02 22:20:30.696  INFO 13544 --- [    Test worker] .b.t.a.w.s.WebMvcTestContextBootstrapper : Loaded default TestExecutionListener class names from location [META-INF/spring.factories]: [org.springframework.security.test.context.support.WithSecurityContextTestExecutionListener, org.springframework.security.test.context.support.ReactorContextTestExecutionListener, org.springframework.boot.test.autoconfigure.restdocs.RestDocsTestExecutionListener, org.springframework.boot.test.autoconfigure.web.client.MockRestServiceServerResetTestExecutionListener, org.springframework.boot.test.autoconfigure.web.servlet.MockMvcPrintOnlyOnFailureTestExecutionListener, org.springframework.boot.test.autoconfigure.web.servlet.WebDriverTestExecutionListener, org.springframework.boot.test.mock.mockito.MockitoTestExecutionListener, org.springframework.boot.test.mock.mockito.ResetMocksTestExecutionListener, org.springframework.test.context.web.ServletTestExecutionListener, org.springframework.test.context.support.DirtiesContextBeforeModesTestExecutionListener, org.springframework.test.context.support.DependencyInjectionTestExecutionListener, org.springframework.test.context.support.DirtiesContextTestExecutionListener, org.springframework.test.context.transaction.TransactionalTestExecutionListener, org.springframework.test.context.jdbc.SqlScriptsTestExecutionListener]
2020-01-02 22:20:30.699  INFO 13544 --- [    Test worker] .b.t.a.w.s.WebMvcTestContextBootstrapper : Using TestExecutionListeners: [org.springframework.test.context.web.ServletTestExecutionListener@3bd3bc35, org.springframework.test.context.support.DirtiesContextBeforeModesTestExecutionListener@6c5586b9, org.springframework.boot.test.mock.mockito.MockitoTestExecutionListener@41aa9eb1, org.springframework.boot.test.autoconfigure.SpringBootDependencyInjectionTestExecutionListener@5110c634, org.springframework.test.context.support.DirtiesContextTestExecutionListener@7704ea37, org.springframework.test.context.transaction.TransactionalTestExecutionListener@37a4ca20, org.springframework.test.context.jdbc.SqlScriptsTestExecutionListener@226e9573, org.springframework.security.test.context.support.WithSecurityContextTestExecutionListener@7598d66c, org.springframework.security.test.context.support.ReactorContextTestExecutionListener@259dcfba, org.springframework.boot.test.autoconfigure.restdocs.RestDocsTestExecutionListener@34f9e4e3, org.springframework.boot.test.autoconfigure.web.client.MockRestServiceServerResetTestExecutionListener@626a2a02, org.springframework.boot.test.autoconfigure.web.servlet.MockMvcPrintOnlyOnFailureTestExecutionListener@5172bb95, org.springframework.boot.test.autoconfigure.web.servlet.WebDriverTestExecutionListener@1ad94e1e, org.springframework.boot.test.mock.mockito.ResetMocksTestExecutionListener@61fc6f5a]

  .   ____          _            __ _ _
 /\\ / ___'_ __ _ _(_)_ __  __ _ \ \ \ \
( ( )\___ | '_ | '_| | '_ \/ _` | \ \ \ \
 \\/  ___)| |_)| | | | | || (_| |  ) ) ) )
  '  |____| .__|_| |_|_| |_\__, | / / / /
 =========|_|==============|___/=/_/_/_/
 :: Spring Boot ::        (v2.1.7.RELEASE)

2020-01-02 22:20:30.758  INFO 13544 --- [    Test worker] c.j.b.s.web.HelloControllerTest          : Starting HelloControllerTest on DESKTOP-S0R6KFI with PID 13544 (started by PC in C:\Users\PC\IdeaProjects\freelec-springboot2-webservice)
2020-01-02 22:20:30.762  INFO 13544 --- [    Test worker] c.j.b.s.web.HelloControllerTest          : No active profile set, falling back to default profiles: default
2020-01-02 22:20:31.452  INFO 13544 --- [    Test worker] o.s.s.concurrent.ThreadPoolTaskExecutor  : Initializing ExecutorService 'applicationTaskExecutor'
2020-01-02 22:20:31.519  INFO 13544 --- [    Test worker] o.s.b.a.w.s.WelcomePageHandlerMapping    : Adding welcome page template: index
2020-01-02 22:20:31.828  INFO 13544 --- [    Test worker] .s.s.UserDetailsServiceAutoConfiguration : 

Using generated security password: 3d7c0d02-7395-4b2d-9fee-7b02e29baabc

2020-01-02 22:20:31.995  INFO 13544 --- [    Test worker] o.s.s.web.DefaultSecurityFilterChain     : Creating filter chain: any request, [org.springframework.security.web.context.request.async.WebAsyncManagerIntegrationFilter@1bb51984, org.springframework.security.web.context.SecurityContextPersistenceFilter@496480ce, org.springframework.security.web.header.HeaderWriterFilter@6a721805, org.springframework.security.web.csrf.CsrfFilter@1883c802, org.springframework.security.web.authentication.logout.LogoutFilter@1d43a84b, org.springframework.security.web.authentication.UsernamePasswordAuthenticationFilter@3e98fcfb, org.springframework.security.web.authentication.ui.DefaultLoginPageGeneratingFilter@4e4bb4cb, org.springframework.security.web.authentication.ui.DefaultLogoutPageGeneratingFilter@3c34dafa, org.springframework.security.web.authentication.www.BasicAuthenticationFilter@5217c843, org.springframework.security.web.savedrequest.RequestCacheAwareFilter@60146ca0, org.springframework.security.web.servletapi.SecurityContextHolderAwareRequestFilter@1a5cf297, org.springframework.security.web.authentication.AnonymousAuthenticationFilter@500d48ef, org.springframework.security.web.session.SessionManagementFilter@6cb70e91, org.springframework.security.web.access.ExceptionTranslationFilter@7fbacc7e, org.springframework.security.web.access.intercept.FilterSecurityInterceptor@5d901607]
2020-01-02 22:20:32.038  INFO 13544 --- [    Test worker] o.s.b.t.m.w.SpringBootMockServletContext : Initializing Spring TestDispatcherServlet ''
2020-01-02 22:20:32.039  INFO 13544 --- [    Test worker] o.s.t.web.servlet.TestDispatcherServlet  : Initializing Servlet ''
2020-01-02 22:20:32.056  INFO 13544 --- [    Test worker] o.s.t.web.servlet.TestDispatcherServlet  : Completed initialization in 15 ms
2020-01-02 22:20:32.102  INFO 13544 --- [    Test worker] c.j.b.s.web.HelloControllerTest          : Started HelloControllerTest in 1.398 seconds (JVM running for 13.334)
]]></system-out>
  <system-err><![CDATA[]]></system-err>
</testsuite>
