<?xml version="1.0" encoding="UTF-8"?>
<testsuite name="com.jojoldu.book.springboot.web.IndexControllerTest" tests="1" skipped="0" failures="0" errors="0" timestamp="2020-01-06T12:45:52" hostname="DESKTOP-S0R6KFI" time="0.298">
  <properties/>
  <testcase name="메인페이지_로딩" classname="com.jojoldu.book.springboot.web.IndexControllerTest" time="0.298"/>
  <system-out><![CDATA[2020-01-06 21:45:49.145  INFO 12912 --- [    Test worker] .b.t.c.SpringBootTestContextBootstrapper : Neither @ContextConfiguration nor @ContextHierarchy found for test class [com.jojoldu.book.springboot.web.IndexControllerTest], using SpringBootContextLoader
2020-01-06 21:45:49.147  INFO 12912 --- [    Test worker] o.s.t.c.support.AbstractContextLoader    : Could not detect default resource locations for test class [com.jojoldu.book.springboot.web.IndexControllerTest]: no resource found for suffixes {-context.xml, Context.groovy}.
2020-01-06 21:45:49.148  INFO 12912 --- [    Test worker] t.c.s.AnnotationConfigContextLoaderUtils : Could not detect default configuration classes for test class [com.jojoldu.book.springboot.web.IndexControllerTest]: IndexControllerTest does not declare any static, non-private, non-final, nested classes annotated with @Configuration.
2020-01-06 21:45:49.152  INFO 12912 --- [    Test worker] .b.t.c.SpringBootTestContextBootstrapper : Found @SpringBootConfiguration com.jojoldu.book.springboot.Application for test class com.jojoldu.book.springboot.web.IndexControllerTest
2020-01-06 21:45:49.154  INFO 12912 --- [    Test worker] .b.t.c.SpringBootTestContextBootstrapper : Loaded default TestExecutionListener class names from location [META-INF/spring.factories]: [org.springframework.security.test.context.support.WithSecurityContextTestExecutionListener, org.springframework.security.test.context.support.ReactorContextTestExecutionListener, org.springframework.boot.test.autoconfigure.restdocs.RestDocsTestExecutionListener, org.springframework.boot.test.autoconfigure.web.client.MockRestServiceServerResetTestExecutionListener, org.springframework.boot.test.autoconfigure.web.servlet.MockMvcPrintOnlyOnFailureTestExecutionListener, org.springframework.boot.test.autoconfigure.web.servlet.WebDriverTestExecutionListener, org.springframework.boot.test.mock.mockito.MockitoTestExecutionListener, org.springframework.boot.test.mock.mockito.ResetMocksTestExecutionListener, org.springframework.test.context.web.ServletTestExecutionListener, org.springframework.test.context.support.DirtiesContextBeforeModesTestExecutionListener, org.springframework.test.context.support.DependencyInjectionTestExecutionListener, org.springframework.test.context.support.DirtiesContextTestExecutionListener, org.springframework.test.context.transaction.TransactionalTestExecutionListener, org.springframework.test.context.jdbc.SqlScriptsTestExecutionListener]
2020-01-06 21:45:49.156  INFO 12912 --- [    Test worker] .b.t.c.SpringBootTestContextBootstrapper : Using TestExecutionListeners: [org.springframework.test.context.web.ServletTestExecutionListener@3628a356, org.springframework.test.context.support.DirtiesContextBeforeModesTestExecutionListener@4acd3220, org.springframework.boot.test.mock.mockito.MockitoTestExecutionListener@663299df, org.springframework.boot.test.autoconfigure.SpringBootDependencyInjectionTestExecutionListener@6b43921, org.springframework.test.context.support.DirtiesContextTestExecutionListener@75f518b2, org.springframework.test.context.transaction.TransactionalTestExecutionListener@568a781e, org.springframework.test.context.jdbc.SqlScriptsTestExecutionListener@2484ef71, org.springframework.security.test.context.support.WithSecurityContextTestExecutionListener@35eb7f1, org.springframework.security.test.context.support.ReactorContextTestExecutionListener@5eb30fa0, org.springframework.boot.test.autoconfigure.restdocs.RestDocsTestExecutionListener@5bfcd6e0, org.springframework.boot.test.autoconfigure.web.client.MockRestServiceServerResetTestExecutionListener@58805589, org.springframework.boot.test.autoconfigure.web.servlet.MockMvcPrintOnlyOnFailureTestExecutionListener@2e978057, org.springframework.boot.test.autoconfigure.web.servlet.WebDriverTestExecutionListener@681f542a, org.springframework.boot.test.mock.mockito.ResetMocksTestExecutionListener@5569d41f]

  .   ____          _            __ _ _
 /\\ / ___'_ __ _ _(_)_ __  __ _ \ \ \ \
( ( )\___ | '_ | '_| | '_ \/ _` | \ \ \ \
 \\/  ___)| |_)| | | | | || (_| |  ) ) ) )
  '  |____| .__|_| |_|_| |_\__, | / / / /
 =========|_|==============|___/=/_/_/_/
 :: Spring Boot ::        (v2.1.7.RELEASE)

2020-01-06 21:45:49.327  INFO 12912 --- [    Test worker] c.j.b.s.web.IndexControllerTest          : Starting IndexControllerTest on DESKTOP-S0R6KFI with PID 12912 (started by PC in C:\Users\PC\IdeaProjects\freelec-springboot2-webservice)
2020-01-06 21:45:49.328  INFO 12912 --- [    Test worker] c.j.b.s.web.IndexControllerTest          : No active profile set, falling back to default profiles: default
2020-01-06 21:45:49.617  INFO 12912 --- [    Test worker] .s.d.r.c.RepositoryConfigurationDelegate : Bootstrapping Spring Data repositories in DEFAULT mode.
2020-01-06 21:45:49.638  INFO 12912 --- [    Test worker] .s.d.r.c.RepositoryConfigurationDelegate : Finished Spring Data repository scanning in 20ms. Found 2 repository interfaces.
2020-01-06 21:45:49.754  INFO 12912 --- [    Test worker] trationDelegate$BeanPostProcessorChecker : Bean 'org.springframework.transaction.annotation.ProxyTransactionManagementConfiguration' of type [org.springframework.transaction.annotation.ProxyTransactionManagementConfiguration$$EnhancerBySpringCGLIB$$164ad74e] is not eligible for getting processed by all BeanPostProcessors (for example: not eligible for auto-proxying)
2020-01-06 21:45:50.136  INFO 12912 --- [    Test worker] o.s.b.w.embedded.tomcat.TomcatWebServer  : Tomcat initialized with port(s): 0 (http)
2020-01-06 21:45:50.175  INFO 12912 --- [    Test worker] o.apache.catalina.core.StandardService   : Starting service [Tomcat]
2020-01-06 21:45:50.176  INFO 12912 --- [    Test worker] org.apache.catalina.core.StandardEngine  : Starting Servlet engine: [Apache Tomcat/9.0.22]
2020-01-06 21:45:50.425  INFO 12912 --- [    Test worker] o.a.c.c.C.[Tomcat].[localhost].[/]       : Initializing Spring embedded WebApplicationContext
2020-01-06 21:45:50.428  INFO 12912 --- [    Test worker] o.s.web.context.ContextLoader            : Root WebApplicationContext: initialization completed in 1096 ms
2020-01-06 21:45:50.650  INFO 12912 --- [    Test worker] com.zaxxer.hikari.HikariDataSource       : HikariPool-2 - Starting...
2020-01-06 21:45:50.652  INFO 12912 --- [    Test worker] com.zaxxer.hikari.HikariDataSource       : HikariPool-2 - Start completed.
2020-01-06 21:45:50.692  INFO 12912 --- [    Test worker] o.hibernate.jpa.internal.util.LogHelper  : HHH000204: Processing PersistenceUnitInfo [
	name: default
	...]
2020-01-06 21:45:50.704  INFO 12912 --- [    Test worker] org.hibernate.dialect.Dialect            : HHH000400: Using dialect: org.hibernate.dialect.MySQL5InnoDBDialect
Hibernate: drop table if exists posts
Hibernate: drop table if exists user
Hibernate: create table posts (id bigint not null auto_increment, create_date datetime, modify_date datetime, author varchar(255), content TEXT not null, title varchar(500) not null, primary key (id)) engine=InnoDB
Hibernate: create table user (id bigint not null auto_increment, create_date datetime, modify_date datetime, email varchar(255) not null, name varchar(255) not null, picture varchar(255), role varchar(255) not null, primary key (id)) engine=InnoDB
2020-01-06 21:45:50.812  INFO 12912 --- [    Test worker] o.h.t.schema.internal.SchemaCreatorImpl  : HHH000476: Executing import script 'org.hibernate.tool.schema.internal.exec.ScriptSourceInputNonExistentImpl@66207dde'
2020-01-06 21:45:50.812  INFO 12912 --- [    Test worker] j.LocalContainerEntityManagerFactoryBean : Initialized JPA EntityManagerFactory for persistence unit 'default'
2020-01-06 21:45:51.238  INFO 12912 --- [    Test worker] o.h.h.i.QueryTranslatorFactoryInitiator  : HHH000397: Using ASTQueryTranslatorFactory
2020-01-06 21:45:51.402  INFO 12912 --- [    Test worker] o.s.s.web.DefaultSecurityFilterChain     : Creating filter chain: any request, [org.springframework.security.web.context.request.async.WebAsyncManagerIntegrationFilter@45c2df5c, org.springframework.security.web.context.SecurityContextPersistenceFilter@25ad28a5, org.springframework.security.web.header.HeaderWriterFilter@23da9c22, org.springframework.security.web.authentication.logout.LogoutFilter@4dced708, org.springframework.security.oauth2.client.web.OAuth2AuthorizationRequestRedirectFilter@73abb2ff, org.springframework.security.oauth2.client.web.OAuth2LoginAuthenticationFilter@400927e8, org.springframework.security.web.authentication.ui.DefaultLoginPageGeneratingFilter@16a3f80, org.springframework.security.web.authentication.ui.DefaultLogoutPageGeneratingFilter@40f849bb, org.springframework.security.web.savedrequest.RequestCacheAwareFilter@536df363, org.springframework.security.web.servletapi.SecurityContextHolderAwareRequestFilter@24a14ea0, org.springframework.security.web.authentication.AnonymousAuthenticationFilter@6e6a2711, org.springframework.security.web.session.SessionManagementFilter@3af3f3bf, org.springframework.security.web.access.ExceptionTranslationFilter@37eb91a, org.springframework.security.web.access.intercept.FilterSecurityInterceptor@2334d17e]
2020-01-06 21:45:51.681  INFO 12912 --- [    Test worker] o.s.s.concurrent.ThreadPoolTaskExecutor  : Initializing ExecutorService 'applicationTaskExecutor'
2020-01-06 21:45:51.695  WARN 12912 --- [    Test worker] aWebConfiguration$JpaWebMvcConfiguration : spring.jpa.open-in-view is enabled by default. Therefore, database queries may be performed during view rendering. Explicitly configure spring.jpa.open-in-view to disable this warning
2020-01-06 21:45:51.815  INFO 12912 --- [    Test worker] o.s.b.a.w.s.WelcomePageHandlerMapping    : Adding welcome page template: index
2020-01-06 21:45:52.139  INFO 12912 --- [    Test worker] s.a.ScheduledAnnotationBeanPostProcessor : No TaskScheduler/ScheduledExecutorService bean found for scheduled processing
2020-01-06 21:45:52.164  INFO 12912 --- [    Test worker] o.s.b.w.embedded.tomcat.TomcatWebServer  : Tomcat started on port(s): 55137 (http) with context path ''
2020-01-06 21:45:52.166  INFO 12912 --- [    Test worker] c.j.b.s.web.IndexControllerTest          : Started IndexControllerTest in 3.005 seconds (JVM running for 15.851)
2020-01-06 21:45:52.348  INFO 12912 --- [o-auto-1-exec-1] o.a.c.c.C.[Tomcat].[localhost].[/]       : Initializing Spring DispatcherServlet 'dispatcherServlet'
2020-01-06 21:45:52.349  INFO 12912 --- [o-auto-1-exec-1] o.s.web.servlet.DispatcherServlet        : Initializing Servlet 'dispatcherServlet'
2020-01-06 21:45:52.371  INFO 12912 --- [o-auto-1-exec-1] o.s.web.servlet.DispatcherServlet        : Completed initialization in 22 ms
Hibernate: select posts0_.id as id1_0_, posts0_.create_date as create_d2_0_, posts0_.modify_date as modify_d3_0_, posts0_.author as author4_0_, posts0_.content as content5_0_, posts0_.title as title6_0_ from posts posts0_ order by posts0_.id DESC
]]></system-out>
  <system-err><![CDATA[]]></system-err>
</testsuite>
