<?xml version="1.0" encoding="UTF-8"?>
<testsuite name="com.jojoldu.book.springboot.web.HelloControllerTest" tests="2" skipped="0" failures="0" errors="0" timestamp="2020-01-06T12:45:48" hostname="DESKTOP-S0R6KFI" time="0.281">
  <properties/>
  <testcase name="hello가_리턴된다" classname="com.jojoldu.book.springboot.web.HelloControllerTest" time="0.167"/>
  <testcase name="helloDto가_리턴된다" classname="com.jojoldu.book.springboot.web.HelloControllerTest" time="0.111"/>
  <system-out><![CDATA[2020-01-06 21:45:47.611  INFO 12912 --- [    Test worker] .b.t.a.w.s.WebMvcTestContextBootstrapper : Neither @ContextConfiguration nor @ContextHierarchy found for test class [com.jojoldu.book.springboot.web.HelloControllerTest], using SpringBootContextLoader
2020-01-06 21:45:47.612  INFO 12912 --- [    Test worker] o.s.t.c.support.AbstractContextLoader    : Could not detect default resource locations for test class [com.jojoldu.book.springboot.web.HelloControllerTest]: no resource found for suffixes {-context.xml, Context.groovy}.
2020-01-06 21:45:47.613  INFO 12912 --- [    Test worker] t.c.s.AnnotationConfigContextLoaderUtils : Could not detect default configuration classes for test class [com.jojoldu.book.springboot.web.HelloControllerTest]: HelloControllerTest does not declare any static, non-private, non-final, nested classes annotated with @Configuration.
2020-01-06 21:45:47.639  INFO 12912 --- [    Test worker] .b.t.c.SpringBootTestContextBootstrapper : Found @SpringBootConfiguration com.jojoldu.book.springboot.Application for test class com.jojoldu.book.springboot.web.HelloControllerTest
2020-01-06 21:45:47.644  INFO 12912 --- [    Test worker] .b.t.a.w.s.WebMvcTestContextBootstrapper : Loaded default TestExecutionListener class names from location [META-INF/spring.factories]: [org.springframework.security.test.context.support.WithSecurityContextTestExecutionListener, org.springframework.security.test.context.support.ReactorContextTestExecutionListener, org.springframework.boot.test.autoconfigure.restdocs.RestDocsTestExecutionListener, org.springframework.boot.test.autoconfigure.web.client.MockRestServiceServerResetTestExecutionListener, org.springframework.boot.test.autoconfigure.web.servlet.MockMvcPrintOnlyOnFailureTestExecutionListener, org.springframework.boot.test.autoconfigure.web.servlet.WebDriverTestExecutionListener, org.springframework.boot.test.mock.mockito.MockitoTestExecutionListener, org.springframework.boot.test.mock.mockito.ResetMocksTestExecutionListener, org.springframework.test.context.web.ServletTestExecutionListener, org.springframework.test.context.support.DirtiesContextBeforeModesTestExecutionListener, org.springframework.test.context.support.DependencyInjectionTestExecutionListener, org.springframework.test.context.support.DirtiesContextTestExecutionListener, org.springframework.test.context.transaction.TransactionalTestExecutionListener, org.springframework.test.context.jdbc.SqlScriptsTestExecutionListener]
2020-01-06 21:45:47.645  INFO 12912 --- [    Test worker] .b.t.a.w.s.WebMvcTestContextBootstrapper : Using TestExecutionListeners: [org.springframework.test.context.web.ServletTestExecutionListener@5b4621ac, org.springframework.test.context.support.DirtiesContextBeforeModesTestExecutionListener@19be5916, org.springframework.boot.test.mock.mockito.MockitoTestExecutionListener@3e209531, org.springframework.boot.test.autoconfigure.SpringBootDependencyInjectionTestExecutionListener@691f78d0, org.springframework.test.context.support.DirtiesContextTestExecutionListener@3be7f1e, org.springframework.test.context.transaction.TransactionalTestExecutionListener@68a3f096, org.springframework.test.context.jdbc.SqlScriptsTestExecutionListener@521079ae, org.springframework.security.test.context.support.WithSecurityContextTestExecutionListener@405b42c4, org.springframework.security.test.context.support.ReactorContextTestExecutionListener@306d835e, org.springframework.boot.test.autoconfigure.restdocs.RestDocsTestExecutionListener@47bde285, org.springframework.boot.test.autoconfigure.web.client.MockRestServiceServerResetTestExecutionListener@16312ed5, org.springframework.boot.test.autoconfigure.web.servlet.MockMvcPrintOnlyOnFailureTestExecutionListener@ce613b5, org.springframework.boot.test.autoconfigure.web.servlet.WebDriverTestExecutionListener@50cd1604, org.springframework.boot.test.mock.mockito.ResetMocksTestExecutionListener@784c7f52]

  .   ____          _            __ _ _
 /\\ / ___'_ __ _ _(_)_ __  __ _ \ \ \ \
( ( )\___ | '_ | '_| | '_ \/ _` | \ \ \ \
 \\/  ___)| |_)| | | | | || (_| |  ) ) ) )
  '  |____| .__|_| |_|_| |_\__, | / / / /
 =========|_|==============|___/=/_/_/_/
 :: Spring Boot ::        (v2.1.7.RELEASE)

2020-01-06 21:45:47.755  INFO 12912 --- [    Test worker] c.j.b.s.web.HelloControllerTest          : Starting HelloControllerTest on DESKTOP-S0R6KFI with PID 12912 (started by PC in C:\Users\PC\IdeaProjects\freelec-springboot2-webservice)
2020-01-06 21:45:47.758  INFO 12912 --- [    Test worker] c.j.b.s.web.HelloControllerTest          : No active profile set, falling back to default profiles: default
2020-01-06 21:45:48.374  INFO 12912 --- [    Test worker] o.s.s.concurrent.ThreadPoolTaskExecutor  : Initializing ExecutorService 'applicationTaskExecutor'
2020-01-06 21:45:48.415  INFO 12912 --- [    Test worker] o.s.b.a.w.s.WelcomePageHandlerMapping    : Adding welcome page template: index
2020-01-06 21:45:48.626  INFO 12912 --- [    Test worker] .s.s.UserDetailsServiceAutoConfiguration : 

Using generated security password: 22489589-34ab-4dbc-906f-92d52d273e9b

2020-01-06 21:45:48.756  INFO 12912 --- [    Test worker] o.s.s.web.DefaultSecurityFilterChain     : Creating filter chain: any request, [org.springframework.security.web.context.request.async.WebAsyncManagerIntegrationFilter@3c537d78, org.springframework.security.web.context.SecurityContextPersistenceFilter@6d57539d, org.springframework.security.web.header.HeaderWriterFilter@7d3c734, org.springframework.security.web.csrf.CsrfFilter@5b7ad53d, org.springframework.security.web.authentication.logout.LogoutFilter@4fee2665, org.springframework.security.web.authentication.UsernamePasswordAuthenticationFilter@4e907f2e, org.springframework.security.web.authentication.ui.DefaultLoginPageGeneratingFilter@1d096c0e, org.springframework.security.web.authentication.ui.DefaultLogoutPageGeneratingFilter@4dedf083, org.springframework.security.web.authentication.www.BasicAuthenticationFilter@fc21b49, org.springframework.security.web.savedrequest.RequestCacheAwareFilter@67da68e4, org.springframework.security.web.servletapi.SecurityContextHolderAwareRequestFilter@7e29e94c, org.springframework.security.web.authentication.AnonymousAuthenticationFilter@526aa224, org.springframework.security.web.session.SessionManagementFilter@a0d39ce, org.springframework.security.web.access.ExceptionTranslationFilter@4f88b1f2, org.springframework.security.web.access.intercept.FilterSecurityInterceptor@5d06fb0e]
2020-01-06 21:45:48.798  INFO 12912 --- [    Test worker] o.s.b.t.m.w.SpringBootMockServletContext : Initializing Spring TestDispatcherServlet ''
2020-01-06 21:45:48.805  INFO 12912 --- [    Test worker] o.s.t.web.servlet.TestDispatcherServlet  : Initializing Servlet ''
2020-01-06 21:45:48.819  INFO 12912 --- [    Test worker] o.s.t.web.servlet.TestDispatcherServlet  : Completed initialization in 13 ms
2020-01-06 21:45:48.853  INFO 12912 --- [    Test worker] c.j.b.s.web.HelloControllerTest          : Started HelloControllerTest in 1.176 seconds (JVM running for 12.539)
]]></system-out>
  <system-err><![CDATA[]]></system-err>
</testsuite>
